<?xml version="1.0" encoding="UTF-8" standalone="no"?>
<testsuite failures="0" name="cucumber.runtime.formatter.JUnitFormatter" skipped="0" tests="1" time="26.549309">
<testcase classname="Testing Login To Vtiger Application" name="Checking Login Functionality" time="26.549309">
<system-out><![CDATA[Given : Open Chrome and Launch Vtiger Application...........................passed
When : Title of the Application Vtiger......................................passed
Then : Enter Username and Password in EditBox...............................passed
Then : Click on SignIn Button...............................................passed
Then : Home page should display.............................................passed
Then : Close the Browser....................................................passed
]]></system-out>
</testcase>
</testsuite>
